<?xml version="1.0" encoding="UTF-8"?>
<!-- Generated by org.testng.reporters.JUnitReportReporter -->
<testsuite skipped="0" hostname="nilmani-PC" name="automationPractice.bhanu.homePage.TC_004selectItemBasedOnNavigationMenu" tests="1" failures="0" timestamp="03 Jun 2018 19:28:53 GMT" time="146.788" errors="0">
  <testcase name="VerifyShareLinkIsWorkingInProductDetailsPage" time="146.788" classname="automationPractice.bhanu.homePage.TC_004selectItemBasedOnNavigationMenu"/>
</testsuite> <!-- automationPractice.bhanu.homePage.TC_004selectItemBasedOnNavigationMenu -->
