<?xml version="1.0" encoding="UTF-8"?>
<!-- Generated by org.testng.reporters.JUnitReportReporter -->
<testsuite skipped="0" hostname="nilmani-PC" name="automationPractice.bhanu.homePage.TC_003VerifyLoginWithDiffrentRecords" tests="2" failures="0" timestamp="30 May 2018 10:45:48 GMT" time="76.079" errors="0">
  <testcase name="verifyLoginWithInvalidCredentials" time="40.919" classname="automationPractice.bhanu.homePage.TC_003VerifyLoginWithDiffrentRecords"/>
  <testcase name="verifyLoginWithInvalidCredentials" time="35.160" classname="automationPractice.bhanu.homePage.TC_003VerifyLoginWithDiffrentRecords"/>
</testsuite> <!-- automationPractice.bhanu.homePage.TC_003VerifyLoginWithDiffrentRecords -->
