<?xml version="1.0" encoding="UTF-8"?>
<!-- Generated by org.testng.reporters.JUnitReportReporter -->
<testsuite skipped="0" hostname="nilmani-PC" name="automationPractice.bhanu.homePage.TC_002VerifyLoginUsingCredentialFromExcel" tests="1" failures="0" timestamp="30 May 2018 10:36:12 GMT" time="108.198" errors="0">
  <testcase name="verifyLoginWithInvalidCredentials" time="108.198" classname="automationPractice.bhanu.homePage.TC_002VerifyLoginUsingCredentialFromExcel"/>
</testsuite> <!-- automationPractice.bhanu.homePage.TC_002VerifyLoginUsingCredentialFromExcel -->
